ffmpeg4android_lib/build/outputs/logs/manifest-merger-debug-report.txt
-- Merging decision tree log ---
manifest
ADDED from src/main/AndroidManifest.xml:2:1-14:12
INJECTED from src/main/AndroidManifest.xml:2:1-14:12
INJECTED from src/main/AndroidManifest.xml:2:1-14:12
INJECTED from src/main/AndroidManifest.xml:2:1-14:12
INJECTED from src/main/AndroidManifest.xml:2:1-14:12
INJECTED from src/main/AndroidManifest.xml:2:1-14:12
INJECTED from src/main/AndroidManifest.xml:2:1-14:12
	package
		ADDED from src/main/AndroidManifest.xml:3:7-45
		INJECTED from src/main/AndroidManifest.xml
		INJECTED from src/main/AndroidManifest.xml
	android:versionName
		ADDED from src/main/AndroidManifest.xml:5:7-36
		INJECTED from src/main/AndroidManifest.xml
		INJECTED from src/main/AndroidManifest.xml
	xmlns:android
		ADDED from src/main/AndroidManifest.xml:2:11-69
	android:versionCode
		ADDED from src/main/AndroidManifest.xml:4:7-35
		INJECTED from src/main/AndroidManifest.xml
		INJECTED from src/main/AndroidManifest.xml
uses-sdk
ADDED from src/main/AndroidManifest.xml:7:6-75
INJECTED from src/main/AndroidManifest.xml:7:6-75
INJECTED from src/main/AndroidManifest.xml:7:6-75
INJECTED from src/main/AndroidManifest.xml:7:6-75
INJECTED from src/main/AndroidManifest.xml:7:6-75
	android:targetSdkVersion
		ADDED from src/main/AndroidManifest.xml:7:43-72
		INJECTED from src/main/AndroidManifest.xml
		INJECTED from src/main/AndroidManifest.xml
	android:minSdkVersion
		ADDED from src/main/AndroidManifest.xml:7:16-42
		INJECTED from src/main/AndroidManifest.xml
		INJECTED from src/main/AndroidManifest.xml
uses-permission#android.permission.WRITE_EXTERNAL_STORAGE
ADDED from src/main/AndroidManifest.xml:9:5-80
	android:name
		ADDED from src/main/AndroidManifest.xml:9:22-78
uses-permission#android.permission.WAKE_LOCK
ADDED from src/main/AndroidManifest.xml:10:5-68
	android:name
		ADDED from src/main/AndroidManifest.xml:10:22-65